#
# There is insufficient memory for the Java Runtime Environment to continue.
# Native memory allocation (mmap) failed to map 264241152 bytes. Error detail: G1 virtual space
# Possible reasons:
#   The system is out of physical RAM or swap space
#   This process is running with CompressedOops enabled, and the Java Heap may be blocking the growth of the native heap
# Possible solutions:
#   Reduce memory load on the system
#   Increase physical memory or swap space
#   Check if swap backing store is full
#   Decrease Java heap size (-Xmx/-Xms)
#   Decrease number of Java threads
#   Decrease Java thread stack sizes (-Xss)
#   Set larger code cache with -XX:ReservedCodeCacheSize=
#   JVM is running with Zero Based Compressed Oops mode in which the Java heap is
#     placed in the first 32GB address space. The Java Heap base address is the
#     maximum limit for the native heap growth. Please use -XX:HeapBaseMinAddress
#     to set the Java Heap base and to place the Java Heap above 32GB virtual address.
# This output file may be truncated or incomplete.
#
#  Out of Memory Error (os_windows.cpp:3898), pid=10576, tid=12616
#
# JRE version:  (21.0.6) (build )
# Java VM: OpenJDK 64-Bit Server VM (21.0.6+-13368085-b895.109, mixed mode, sharing, tiered, compressed oops, compressed class ptrs, g1 gc, windows-amd64)
# No core dump will be written. Minidumps are not enabled by default on client versions of Windows
#

---------------  S U M M A R Y ------------

Command Line: git4idea.http.GitAskPassApp Username for 'https://github.com': 

Host: 12th Gen Intel(R) Core(TM) i5-1235U, 12 cores, 15G,  Windows 11 , 64 bit Build 26100 (10.0.26100.4202)
Time: Mon Jun 23 20:14:30 2025 India Standard Time elapsed time: 2.044385 seconds (0d 0h 0m 2s)

---------------  T H R E A D  ---------------

Current thread (0x000001d0eb9398e0):  JavaThread "Unknown thread" [_thread_in_vm, id=12616, stack(0x0000005342d00000,0x0000005342e00000) (1024K)]

Stack: [0x0000005342d00000,0x0000005342e00000]
Native frames: (J=compiled Java code, j=interpreted, Vv=VM code, C=native code)
V  [jvm.dll+0x6d0639]
V  [jvm.dll+0x85eb03]
V  [jvm.dll+0x86105e]
V  [jvm.dll+0x861743]
V  [jvm.dll+0x27e6e6]
V  [jvm.dll+0x6ccfd5]
V  [jvm.dll+0x6c0a8a]
V  [jvm.dll+0x35537b]
V  [jvm.dll+0x35cfd6]
V  [jvm.dll+0x3aef86]
V  [jvm.dll+0x3af258]
V  [jvm.dll+0x327a2c]
V  [jvm.dll+0x32871b]
V  [jvm.dll+0x826549]
V  [jvm.dll+0x3bc158]
V  [jvm.dll+0x80f7f8]
V  [jvm.dll+0x45035e]
V  [jvm.dll+0x451ac1]
C  [jli.dll+0x52ab]
C  [ucrtbase.dll+0x37b0]
C  [KERNEL32.DLL+0x2e8d7]
C  [ntdll.dll+0x3c34c]


---------------  P R O C E S S  ---------------

Threads class SMR info:
_java_thread_list=0x00007ff8431e1848, length=0, elements={
}

Java Threads: ( => current thread )
Total: 0

Other Threads:
  0x000001d0eb99b990 WorkerThread "GC Thread#0"                     [id=18616, stack(0x0000005342e00000,0x0000005342f00000) (1024K)]
  0x000001d0eb9ac480 ConcurrentGCThread "G1 Main Marker"            [id=26184, stack(0x0000005342f00000,0x0000005343000000) (1024K)]
  0x000001d0eb9b0080 WorkerThread "G1 Conc#0"                       [id=8228, stack(0x0000005343000000,0x0000005343100000) (1024K)]

[error occurred during error reporting (printing all threads), id 0xc0000005, EXCEPTION_ACCESS_VIOLATION (0xc0000005) at pc=0x00007ff8429daa87]
VM state: not at safepoint (not fully initialized)

VM Mutex/Monitor currently owned by a thread:  ([mutex/lock_event])
[0x00007ff84324e4a0] Heap_lock - owner thread: 0x000001d0eb9398e0

Heap address: 0x0000000704e00000, size: 4018 MB, Compressed Oops mode: Zero based, Oop shift amount: 3

CDS archive(s) mapped at: [0x0000000000000000-0x0000000000000000-0x0000000000000000), size 0, SharedBaseAddress: 0x0000000800000000, ArchiveRelocationMode: 1.
Narrow klass base: 0x0000000000000000, Narrow klass shift: 0, Narrow klass range: 0x0

GC Precious Log:
 CardTable entry size: 512
 Card Set container configuration: InlinePtr #cards 4 size 8 Array Of Cards #cards 16 size 48 Howl #buckets 8 coarsen threshold 3686 Howl Bitmap #cards 512 size 80 coarsen threshold 460 Card regions per heap region 1 cards per card region 4096

Heap:
 garbage-first heap   total 0K, used 0K [0x0000000704e00000, 0x0000000800000000)
  region size 2048K, 0 young (0K), 0 survivors (0K)
 Metaspace       used 0K, committed 0K, reserved 0K
  class space    used 0K, committed 0K, reserved 0K

Heap Regions: E=young(eden), S=young(survivor), O=old, HS=humongous(starts), HC=humongous(continues), CS=collection set, F=free, TAMS=top-at-mark-start, PB=parsable bottom

Card table byte_map: [0x000001d0fe7d0000,0x000001d0fefb0000] _byte_map_base: 0x000001d0fafa9000

Marking Bits: (CMBitMap*) 0x000001d0eb99c090
 Bits: [0x000001d080000000, 0x000001d083ec8000)

GC Heap History (0 events):
No events

Dll operation events (1 events):
Event: 0.007 Loaded shared library E:\Android Studio Latest\jbr\bin\java.dll

Deoptimization events (0 events):
No events

Classes loaded (0 events):
No events

Classes unloaded (0 events):
No events

Classes redefined (0 events):
No events

Internal exceptions (0 events):
No events

ZGC Phase Switch (0 events):
No events

VM Operations (0 events):
No events

Memory protections (0 events):
No events

Nmethod flushes (0 events):
No events

Events (0 events):
No events


Dynamic libraries:
0x00007ff6bb100000 - 0x00007ff6bb10a000 	E:\Android Studio Latest\jbr\bin\java.exe
0x00007ff8d0dc0000 - 0x00007ff8d1025000 	C:\WINDOWS\SYSTEM32\ntdll.dll
0x00007ff8cedf0000 - 0x00007ff8ceeb9000 	C:\WINDOWS\System32\KERNEL32.DLL
0x00007ff8ce770000 - 0x00007ff8ceb58000 	C:\WINDOWS\System32\KERNELBASE.dll
0x00007ff8ce290000 - 0x00007ff8ce3db000 	C:\WINDOWS\System32\ucrtbase.dll
0x00007ff8c1ef0000 - 0x00007ff8c1f08000 	E:\Android Studio Latest\jbr\bin\jli.dll
0x00007ff8981f0000 - 0x00007ff89820b000 	E:\Android Studio Latest\jbr\bin\VCRUNTIME140.dll
0x00007ff8d09d0000 - 0x00007ff8d0b9a000 	C:\WINDOWS\System32\USER32.dll
0x00007ff8ce6a0000 - 0x00007ff8ce6c7000 	C:\WINDOWS\System32\win32u.dll
0x00007ff8b8870000 - 0x00007ff8b8b0a000 	C:\WINDOWS\WinSxS\amd64_microsoft.windows.common-controls_6595b64144ccf1df_6.0.26100.4202_none_3e0698d4e335f517\COMCTL32.dll
0x00007ff8d0bb0000 - 0x00007ff8d0bdb000 	C:\WINDOWS\System32\GDI32.dll
0x00007ff8ce090000 - 0x00007ff8ce1c7000 	C:\WINDOWS\System32\gdi32full.dll
0x00007ff8ce5f0000 - 0x00007ff8ce693000 	C:\WINDOWS\System32\msvcp_win.dll
0x00007ff8d0700000 - 0x00007ff8d07a9000 	C:\WINDOWS\System32\msvcrt.dll
0x00007ff8d0c70000 - 0x00007ff8d0ca0000 	C:\WINDOWS\System32\IMM32.DLL
0x00007ff8b24c0000 - 0x00007ff8b24cc000 	E:\Android Studio Latest\jbr\bin\vcruntime140_1.dll
0x00007ff896f40000 - 0x00007ff896fcd000 	E:\Android Studio Latest\jbr\bin\msvcp140.dll
0x00007ff8426a0000 - 0x00007ff84332b000 	E:\Android Studio Latest\jbr\bin\server\jvm.dll
0x00007ff8d0820000 - 0x00007ff8d08d3000 	C:\WINDOWS\System32\ADVAPI32.dll
0x00007ff8ced20000 - 0x00007ff8cedc6000 	C:\WINDOWS\System32\sechost.dll
0x00007ff8ceb70000 - 0x00007ff8cec85000 	C:\WINDOWS\System32\RPCRT4.dll
0x00007ff8ceca0000 - 0x00007ff8ced14000 	C:\WINDOWS\System32\WS2_32.dll
0x00007ff8cdd80000 - 0x00007ff8cddde000 	C:\WINDOWS\SYSTEM32\POWRPROF.dll
0x00007ff8bff80000 - 0x00007ff8bffb5000 	C:\WINDOWS\SYSTEM32\WINMM.dll
0x00007ff8b6860000 - 0x00007ff8b686b000 	C:\WINDOWS\SYSTEM32\VERSION.dll
0x00007ff8cdd60000 - 0x00007ff8cdd74000 	C:\WINDOWS\SYSTEM32\UMPDC.dll
0x00007ff8ccc90000 - 0x00007ff8cccab000 	C:\WINDOWS\SYSTEM32\kernel.appcore.dll
0x00007ff8b24b0000 - 0x00007ff8b24ba000 	E:\Android Studio Latest\jbr\bin\jimage.dll
0x00007ff8cb7e0000 - 0x00007ff8cba21000 	C:\WINDOWS\SYSTEM32\DBGHELP.DLL
0x00007ff8d0360000 - 0x00007ff8d06e5000 	C:\WINDOWS\System32\combase.dll
0x00007ff8d08e0000 - 0x00007ff8d09c1000 	C:\WINDOWS\System32\OLEAUT32.dll
0x00007ff8a2900000 - 0x00007ff8a2939000 	C:\WINDOWS\SYSTEM32\dbgcore.DLL
0x00007ff8ce6d0000 - 0x00007ff8ce769000 	C:\WINDOWS\System32\bcryptPrimitives.dll
0x00007ff895070000 - 0x00007ff895090000 	E:\Android Studio Latest\jbr\bin\java.dll

dbghelp: loaded successfully - version: 4.0.5 - missing functions: none
symbol engine: initialized successfully - sym options: 0x614 - pdb path: .;E:\Android Studio Latest\jbr\bin;C:\WINDOWS\SYSTEM32;C:\WINDOWS\WinSxS\amd64_microsoft.windows.common-controls_6595b64144ccf1df_6.0.26100.4202_none_3e0698d4e335f517;E:\Android Studio Latest\jbr\bin\server

VM Arguments:
java_command: git4idea.http.GitAskPassApp Username for 'https://github.com': 
java_class_path (initial): E:/Android Studio Latest/plugins/vcs-git/lib/git4idea-rt.jar;E:/Android Studio Latest/lib/externalProcess-rt.jar
Launcher Type: SUN_STANDARD

[Global flags]
     intx CICompilerCount                          = 4                                         {product} {ergonomic}
     uint ConcGCThreads                            = 3                                         {product} {ergonomic}
     uint G1ConcRefinementThreads                  = 10                                        {product} {ergonomic}
   size_t G1HeapRegionSize                         = 2097152                                   {product} {ergonomic}
    uintx GCDrainStackTargetSize                   = 64                                        {product} {ergonomic}
   size_t InitialHeapSize                          = 264241152                                 {product} {ergonomic}
   size_t MarkStackSize                            = 4194304                                   {product} {ergonomic}
   size_t MaxHeapSize                              = 4213178368                                {product} {ergonomic}
   size_t MinHeapDeltaBytes                        = 2097152                                   {product} {ergonomic}
   size_t MinHeapSize                              = 8388608                                   {product} {ergonomic}
    uintx NonNMethodCodeHeapSize                   = 5839372                                {pd product} {ergonomic}
    uintx NonProfiledCodeHeapSize                  = 122909434                              {pd product} {ergonomic}
     bool PerfDisableSharedMem                     = true                                      {product} {ergonomic}
    uintx ProfiledCodeHeapSize                     = 122909434                              {pd product} {ergonomic}
    uintx ReservedCodeCacheSize                    = 251658240                              {pd product} {ergonomic}
     bool SegmentedCodeCache                       = true                                      {product} {ergonomic}
   size_t SoftMaxHeapSize                          = 4213178368                             {manageable} {ergonomic}
     bool UseCompressedOops                        = true                           {product lp64_product} {ergonomic}
     bool UseG1GC                                  = true                                      {product} {ergonomic}
     bool UseLargePagesIndividualAllocation        = false                                  {pd product} {ergonomic}

Logging:
Log output configuration:
 #0: stdout all=warning uptime,level,tags foldmultilines=false
 #1: stderr all=off uptime,level,tags foldmultilines=false

Environment Variables:
PATH=C:\Program Files\Git\mingw64\libexec\git-core;C:\Program Files\Git\mingw64\libexec\git-core;C:\Program Files\Git\mingw64\bin;C:\Program Files\Git\usr\bin;C:\Users\kisha\bin;C:\Program Files\Common Files\Oracle\Java\javapath;C:\Program Files (x86)\Common Files\Oracle\Java\java8path;C:\Program Files (x86)\Common Files\Oracle\Java\javapath;C:\WINDOWS\system32;C:\WINDOWS;C:\WINDOWS\System32\Wbem;C:\WINDOWS\System32\WindowsPowerShell\v1.0;C:\WINDOWS\System32\OpenSSH;C:\Program Files\Git\cmd;C:\Users\kisha\AppData\Local\Microsoft\WindowsApps;E:\Intellij\IntelliJ IDEA Community Edition 2025.1\bin
USERNAME=kisha
DISPLAY=:0.0
LC_ALL=en_US.UTF-8
TERM=xterm-256color
TMPDIR=C:\Users\kisha\AppData\Local\Temp
OS=Windows_NT
PROCESSOR_IDENTIFIER=Intel64 Family 6 Model 154 Stepping 4, GenuineIntel
TMP=C:\Users\kisha\AppData\Local\Temp
TEMP=C:\Users\kisha\AppData\Local\Temp




Periodic native trim disabled

JNI global refs:
JNI global refs: 0, weak refs: 0

JNI global refs memory usage: 0, weak refs: 0

Process memory usage:
Resident Set Size: 12844K (0% of 16454352K total physical memory with 813620K free physical memory)

OOME stack traces (most recent first):
Classloader memory used:

---------------  S Y S T E M  ---------------

OS:
 Windows 11 , 64 bit Build 26100 (10.0.26100.4202)
OS uptime: 11 days 22:11 hours
Hyper-V role detected

CPU: total 12 (initial active 12) (6 cores per cpu, 2 threads per core) family 6 model 154 stepping 4 microcode 0x435, cx8, cmov, fxsr, ht, mmx, 3dnowpref, sse, sse2, sse3, ssse3, sse4.1, sse4.2, popcnt, lzcnt, tsc, tscinvbit, avx, avx2, aes, erms, clmul, bmi1, bmi2, adx, sha, fma, vzeroupper, clflush, clflushopt, clwb, hv, serialize, rdtscp, rdpid, fsrm, f16c, cet_ibt, cet_ss
Processor Information for the first 12 processors :
  Max Mhz: 1300, Current Mhz: 1300, Mhz Limit: 1300

Memory: 4k page, system-wide physical 16068M (794M free)
TotalPageFile size 35786M (AvailPageFile size 128M)
current process WorkingSet (physical memory assigned to process): 12M, peak: 12M
current process commit charge ("private bytes"): 64M, peak: 316M

vm_info: OpenJDK 64-Bit Server VM (21.0.6+-13368085-b895.109) for windows-amd64 JRE (21.0.6+-13368085-b895.109), built on 2025-04-16T17:01:31Z by "builder" with MS VC++ 16.10 / 16.11 (VS2019)

END.
