#
# There is insufficient memory for the Java Runtime Environment to continue.
# Native memory allocation (mmap) failed to map 264241152 bytes. Error detail: G1 virtual space
# Possible reasons:
#   The system is out of physical RAM or swap space
#   This process is running with CompressedOops enabled, and the Java Heap may be blocking the growth of the native heap
# Possible solutions:
#   Reduce memory load on the system
#   Increase physical memory or swap space
#   Check if swap backing store is full
#   Decrease Java heap size (-Xmx/-Xms)
#   Decrease number of Java threads
#   Decrease Java thread stack sizes (-Xss)
#   Set larger code cache with -XX:ReservedCodeCacheSize=
#   JVM is running with Zero Based Compressed Oops mode in which the Java heap is
#     placed in the first 32GB address space. The Java Heap base address is the
#     maximum limit for the native heap growth. Please use -XX:HeapBaseMinAddress
#     to set the Java Heap base and to place the Java Heap above 32GB virtual address.
# This output file may be truncated or incomplete.
#
#  Out of Memory Error (os_windows.cpp:3898), pid=26312, tid=27720
#
# JRE version:  (21.0.6) (build )
# Java VM: OpenJDK 64-Bit Server VM (21.0.6+-13391695-b895.109, mixed mode, sharing, tiered, compressed oops, compressed class ptrs, g1 gc, windows-amd64)
# No core dump will be written. Minidumps are not enabled by default on client versions of Windows
#

---------------  S U M M A R Y ------------

Command Line: org.jetbrains.kotlin.cli.jvm.K2JVMCompiler @E:\Android Projects\YumYard\app\build\20250805_11104527294558563782.compiler.options

Host: 12th Gen Intel(R) Core(TM) i5-1235U, 12 cores, 15G,  Windows 11 , 64 bit Build 26100 (10.0.26100.4484)
Time: Tue Aug  5 16:17:11 2025 India Standard Time elapsed time: 1.379166 seconds (0d 0h 0m 1s)

---------------  T H R E A D  ---------------

Current thread (0x0000021b16ab9630):  JavaThread "Unknown thread" [_thread_in_vm, id=27720, stack(0x00000035ee300000,0x00000035ee400000) (1024K)]

Stack: [0x00000035ee300000,0x00000035ee400000]
Native frames: (J=compiled Java code, j=interpreted, Vv=VM code, C=native code)
V  [jvm.dll+0x6d0639]
V  [jvm.dll+0x85eb03]
V  [jvm.dll+0x86105e]
V  [jvm.dll+0x861743]
V  [jvm.dll+0x27e6e6]
V  [jvm.dll+0x6ccfd5]
V  [jvm.dll+0x6c0a8a]
V  [jvm.dll+0x35537b]
V  [jvm.dll+0x35cfd6]
V  [jvm.dll+0x3aef86]
V  [jvm.dll+0x3af258]
V  [jvm.dll+0x327a2c]
V  [jvm.dll+0x32871b]
V  [jvm.dll+0x826549]
V  [jvm.dll+0x3bc158]
V  [jvm.dll+0x80f7f8]
V  [jvm.dll+0x45035e]
V  [jvm.dll+0x451ac1]
C  [jli.dll+0x52ab]
C  [ucrtbase.dll+0x37b0]
C  [KERNEL32.DLL+0x2e8d7]
C  [ntdll.dll+0x3c34c]


---------------  P R O C E S S  ---------------

Threads class SMR info:
_java_thread_list=0x00007ffc541d1848, length=0, elements={
}

Java Threads: ( => current thread )
Total: 0

Other Threads:
  0x0000021b16b1cc20 WorkerThread "GC Thread#0"                     [id=12216, stack(0x00000035ee500000,0x00000035ee600000) (1024K)]
  0x0000021b16b2df20 ConcurrentGCThread "G1 Main Marker"            [id=2492, stack(0x00000035ee600000,0x00000035ee700000) (1024K)]
  0x0000021b16b2ea20 WorkerThread "G1 Conc#0"                       [id=23444, stack(0x00000035ee700000,0x00000035ee800000) (1024K)]

[error occurred during error reporting (printing all threads), id 0xc0000005, EXCEPTION_ACCESS_VIOLATION (0xc0000005) at pc=0x00007ffc539caa87]
VM state: not at safepoint (not fully initialized)

VM Mutex/Monitor currently owned by a thread:  ([mutex/lock_event])
[0x00007ffc5423e4a0] Heap_lock - owner thread: 0x0000021b16ab9630

Heap address: 0x0000000704e00000, size: 4018 MB, Compressed Oops mode: Zero based, Oop shift amount: 3

CDS archive(s) mapped at: [0x0000000000000000-0x0000000000000000-0x0000000000000000), size 0, SharedBaseAddress: 0x0000000800000000, ArchiveRelocationMode: 1.
Narrow klass base: 0x0000000000000000, Narrow klass shift: 0, Narrow klass range: 0x0

GC Precious Log:
 CardTable entry size: 512
 Card Set container configuration: InlinePtr #cards 4 size 8 Array Of Cards #cards 16 size 48 Howl #buckets 8 coarsen threshold 3686 Howl Bitmap #cards 512 size 80 coarsen threshold 460 Card regions per heap region 1 cards per card region 4096

Heap:
 garbage-first heap   total 0K, used 0K [0x0000000704e00000, 0x0000000800000000)
  region size 2048K, 0 young (0K), 0 survivors (0K)
 Metaspace       used 0K, committed 0K, reserved 0K
  class space    used 0K, committed 0K, reserved 0K

Heap Regions: E=young(eden), S=young(survivor), O=old, HS=humongous(starts), HC=humongous(continues), CS=collection set, F=free, TAMS=top-at-mark-start, PB=parsable bottom

Card table byte_map: [0x0000021b29940000,0x0000021b2a120000] _byte_map_base: 0x0000021b26119000

Marking Bits: (CMBitMap*) 0x0000021b16b1d320
 Bits: [0x0000021b2a120000, 0x0000021b2dfe8000)

GC Heap History (0 events):
No events

Dll operation events (1 events):
Event: 0.141 Loaded shared library E:\Android Studio Latest\jbr\bin\java.dll

Deoptimization events (0 events):
No events

Classes loaded (0 events):
No events

Classes unloaded (0 events):
No events

Classes redefined (0 events):
No events

Internal exceptions (0 events):
No events

ZGC Phase Switch (0 events):
No events

VM Operations (0 events):
No events

Memory protections (0 events):
No events

Nmethod flushes (0 events):
No events

Events (0 events):
No events


Dynamic libraries:
0x00007ff642f40000 - 0x00007ff642f4a000 	E:\Android Studio Latest\jbr\bin\java.exe
0x00007ffcdd5c0000 - 0x00007ffcdd828000 	C:\WINDOWS\SYSTEM32\ntdll.dll
0x00007ffcdc590000 - 0x00007ffcdc659000 	C:\WINDOWS\System32\KERNEL32.DLL
0x00007ffcda870000 - 0x00007ffcdac5d000 	C:\WINDOWS\System32\KERNELBASE.dll
0x00007ffcdac60000 - 0x00007ffcdadab000 	C:\WINDOWS\System32\ucrtbase.dll
0x00007ffcd6ac0000 - 0x00007ffcd6ad8000 	E:\Android Studio Latest\jbr\bin\jli.dll
0x00007ffcdb800000 - 0x00007ffcdb9cc000 	C:\WINDOWS\System32\USER32.dll
0x00007ffcda840000 - 0x00007ffcda867000 	C:\WINDOWS\System32\win32u.dll
0x00007ffcdd1b0000 - 0x00007ffcdd1db000 	C:\WINDOWS\System32\GDI32.dll
0x00007ffcdb220000 - 0x00007ffcdb357000 	C:\WINDOWS\System32\gdi32full.dll
0x00007ffcdadb0000 - 0x00007ffcdae53000 	C:\WINDOWS\System32\msvcp_win.dll
0x00007ffcd7600000 - 0x00007ffcd761b000 	E:\Android Studio Latest\jbr\bin\VCRUNTIME140.dll
0x00007ffcc19f0000 - 0x00007ffcc1c8a000 	C:\WINDOWS\WinSxS\amd64_microsoft.windows.common-controls_6595b64144ccf1df_6.0.26100.4484_none_3e0e6d4ce32ef3b3\COMCTL32.dll
0x00007ffcdbee0000 - 0x00007ffcdbf89000 	C:\WINDOWS\System32\msvcrt.dll
0x00007ffcdb9d0000 - 0x00007ffcdb9ff000 	C:\WINDOWS\System32\IMM32.DLL
0x00007ffcd8090000 - 0x00007ffcd809c000 	E:\Android Studio Latest\jbr\bin\vcruntime140_1.dll
0x00007ffca84d0000 - 0x00007ffca855d000 	E:\Android Studio Latest\jbr\bin\msvcp140.dll
0x00007ffc53690000 - 0x00007ffc5431b000 	E:\Android Studio Latest\jbr\bin\server\jvm.dll
0x00007ffcdc760000 - 0x00007ffcdc814000 	C:\WINDOWS\System32\ADVAPI32.dll
0x00007ffcdcf70000 - 0x00007ffcdd016000 	C:\WINDOWS\System32\sechost.dll
0x00007ffcdba10000 - 0x00007ffcdbb28000 	C:\WINDOWS\System32\RPCRT4.dll
0x00007ffcdc510000 - 0x00007ffcdc584000 	C:\WINDOWS\System32\WS2_32.dll
0x00007ffcda580000 - 0x00007ffcda5de000 	C:\WINDOWS\SYSTEM32\POWRPROF.dll
0x00007ffccec60000 - 0x00007ffccec95000 	C:\WINDOWS\SYSTEM32\WINMM.dll
0x00007ffcc2b50000 - 0x00007ffcc2b5b000 	C:\WINDOWS\SYSTEM32\VERSION.dll
0x00007ffcda560000 - 0x00007ffcda574000 	C:\WINDOWS\SYSTEM32\UMPDC.dll
0x00007ffcd9470000 - 0x00007ffcd948b000 	C:\WINDOWS\SYSTEM32\kernel.appcore.dll
0x00007ffcd8070000 - 0x00007ffcd807a000 	E:\Android Studio Latest\jbr\bin\jimage.dll
0x00007ffcd7cd0000 - 0x00007ffcd7f11000 	C:\WINDOWS\SYSTEM32\DBGHELP.DLL
0x00007ffcdd1e0000 - 0x00007ffcdd566000 	C:\WINDOWS\System32\combase.dll
0x00007ffcdbb50000 - 0x00007ffcdbc30000 	C:\WINDOWS\System32\OLEAUT32.dll
0x00007ffcc38c0000 - 0x00007ffcc3903000 	C:\WINDOWS\SYSTEM32\dbgcore.DLL
0x00007ffcda7a0000 - 0x00007ffcda839000 	C:\WINDOWS\System32\bcryptPrimitives.dll
0x00007ffcd7110000 - 0x00007ffcd7130000 	E:\Android Studio Latest\jbr\bin\java.dll

dbghelp: loaded successfully - version: 4.0.5 - missing functions: none
symbol engine: initialized successfully - sym options: 0x614 - pdb path: .;E:\Android Studio Latest\jbr\bin;C:\WINDOWS\SYSTEM32;C:\WINDOWS\WinSxS\amd64_microsoft.windows.common-controls_6595b64144ccf1df_6.0.26100.4484_none_3e0e6d4ce32ef3b3;E:\Android Studio Latest\jbr\bin\server

VM Arguments:
java_command: org.jetbrains.kotlin.cli.jvm.K2JVMCompiler @E:\Android Projects\YumYard\app\build\20250805_11104527294558563782.compiler.options
java_class_path (initial): C:\Users\kisha\.gradle\caches\modules-2\files-2.1\org.jetbrains.kotlin\kotlin-compiler-embeddable\2.0.21\79346ed53db48b18312a472602eb5c057070c54d\kotlin-compiler-embeddable-2.0.21.jar;C:\Users\kisha\.gradle\caches\modules-2\files-2.1\org.jetbrains.kotlin\kotlin-stdlib\2.0.21\618b539767b4899b4660a83006e052b63f1db551\kotlin-stdlib-2.0.21.jar;C:\Users\kisha\.gradle\caches\modules-2\files-2.1\org.jetbrains.kotlin\kotlin-script-runtime\2.0.21\c9b044380ad41f89aa89aa896c2d32a8c0b2129d\kotlin-script-runtime-2.0.21.jar;C:\Users\kisha\.gradle\caches\modules-2\files-2.1\org.jetbrains.kotlin\kotlin-reflect\1.6.10\1cbe9c92c12a94eea200d23c2bbaedaf3daf5132\kotlin-reflect-1.6.10.jar;C:\Users\kisha\.gradle\caches\modules-2\files-2.1\org.jetbrains.kotlin\kotlin-daemon-embeddable\2.0.21\c9e933b23287de9b5a17e2116b4657bb91aea72c\kotlin-daemon-embeddable-2.0.21.jar;C:\Users\kisha\.gradle\caches\modules-2\files-2.1\org.jetbrains.intellij.deps\trove4j\1.0.20200330\3afb14d5f9ceb459d724e907a21145e8ff394f02\trove4j-1.0.20200330.jar;C:\Users\kisha\.gradle\caches\modules-2\files-2.1\org.jetbrains.kotlinx\kotlinx-coroutines-core-jvm\1.6.4\2c997cd1c0ef33f3e751d3831929aeff1390cb30\kotlinx-coroutines-core-jvm-1.6.4.jar;C:\Users\kisha\.gradle\caches\modules-2\files-2.1\org.jetbrains\annotations\13.0\919f0dfe192fb4e063e7dacadee7f8bb9a2672a9\annotations-13.0.jar
Launcher Type: SUN_STANDARD

[Global flags]
     intx CICompilerCount                          = 4                                         {product} {ergonomic}
     uint ConcGCThreads                            = 3                                         {product} {ergonomic}
     uint G1ConcRefinementThreads                  = 10                                        {product} {ergonomic}
   size_t G1HeapRegionSize                         = 2097152                                   {product} {ergonomic}
    uintx GCDrainStackTargetSize                   = 64                                        {product} {ergonomic}
   size_t InitialHeapSize                          = 264241152                                 {product} {ergonomic}
   size_t MarkStackSize                            = 4194304                                   {product} {ergonomic}
   size_t MaxHeapSize                              = 4213178368                                {product} {ergonomic}
   size_t MinHeapDeltaBytes                        = 2097152                                   {product} {ergonomic}
   size_t MinHeapSize                              = 8388608                                   {product} {ergonomic}
    uintx NonNMethodCodeHeapSize                   = 5839372                                {pd product} {ergonomic}
    uintx NonProfiledCodeHeapSize                  = 122909434                              {pd product} {ergonomic}
    uintx ProfiledCodeHeapSize                     = 122909434                              {pd product} {ergonomic}
    uintx ReservedCodeCacheSize                    = 251658240                              {pd product} {ergonomic}
     bool SegmentedCodeCache                       = true                                      {product} {ergonomic}
   size_t SoftMaxHeapSize                          = 4213178368                             {manageable} {ergonomic}
     bool UseCompressedOops                        = true                           {product lp64_product} {ergonomic}
     bool UseG1GC                                  = true                                      {product} {ergonomic}
     bool UseLargePagesIndividualAllocation        = false                                  {pd product} {ergonomic}

Logging:
Log output configuration:
 #0: stdout all=warning uptime,level,tags foldmultilines=false
 #1: stderr all=off uptime,level,tags foldmultilines=false

Environment Variables:
PATH=C:\Program Files\Common Files\Oracle\Java\javapath;C:\Program Files (x86)\Common Files\Oracle\Java\java8path;C:\Program Files (x86)\Common Files\Oracle\Java\javapath;C:\WINDOWS\system32;C:\WINDOWS;C:\WINDOWS\System32\Wbem;C:\WINDOWS\System32\WindowsPowerShell\v1.0\;C:\WINDOWS\System32\OpenSSH\;C:\Program Files\Git\cmd;C:\Users\kisha\AppData\Local\Microsoft\WindowsApps;E:\Intellij\IntelliJ IDEA Community Edition 2025.1\bin;;E:\Cursor\cursor\resources\app\bin
USERNAME=kisha
OS=Windows_NT
PROCESSOR_IDENTIFIER=Intel64 Family 6 Model 154 Stepping 4, GenuineIntel
TMP=C:\Users\kisha\AppData\Local\Temp
TEMP=C:\Users\kisha\AppData\Local\Temp




Periodic native trim disabled

JNI global refs:
JNI global refs: 0, weak refs: 0

JNI global refs memory usage: 0, weak refs: 0

Process memory usage:
Resident Set Size: 12496K (0% of 16454352K total physical memory with 1033768K free physical memory)

OOME stack traces (most recent first):
Classloader memory used:

---------------  S Y S T E M  ---------------

OS:
 Windows 11 , 64 bit Build 26100 (10.0.26100.4484)
OS uptime: 6 days 4:11 hours
Hyper-V role detected

CPU: total 12 (initial active 12) (6 cores per cpu, 2 threads per core) family 6 model 154 stepping 4 microcode 0x437, cx8, cmov, fxsr, ht, mmx, 3dnowpref, sse, sse2, sse3, ssse3, sse4.1, sse4.2, popcnt, lzcnt, tsc, tscinvbit, avx, avx2, aes, erms, clmul, bmi1, bmi2, adx, sha, fma, vzeroupper, clflush, clflushopt, clwb, hv, serialize, rdtscp, rdpid, fsrm, f16c, cet_ibt, cet_ss
Processor Information for the first 12 processors :
  Max Mhz: 1300, Current Mhz: 1300, Mhz Limit: 1300

Memory: 4k page, system-wide physical 16068M (1009M free)
TotalPageFile size 35786M (AvailPageFile size 188M)
current process WorkingSet (physical memory assigned to process): 12M, peak: 12M
current process commit charge ("private bytes"): 64M, peak: 316M

vm_info: OpenJDK 64-Bit Server VM (21.0.6+-13391695-b895.109) for windows-amd64 JRE (21.0.6+-13391695-b895.109), built on 2025-04-22T21:19:17Z by "builder" with MS VC++ 16.10 / 16.11 (VS2019)

END.
